#
# There is insufficient memory for the Java Runtime Environment to continue.
# Native memory allocation (mmap) failed to map 268435456 bytes. Error detail: G1 virtual space
# Possible reasons:
#   The system is out of physical RAM or swap space
#   This process is running with CompressedOops enabled, and the Java Heap may be blocking the growth of the native heap
# Possible solutions:
#   Reduce memory load on the system
#   Increase physical memory or swap space
#   Check if swap backing store is full
#   Decrease Java heap size (-Xmx/-Xms)
#   Decrease number of Java threads
#   Decrease Java thread stack sizes (-Xss)
#   Set larger code cache with -XX:ReservedCodeCacheSize=
#   JVM is running with Unscaled Compressed Oops mode in which the Java heap is
#     placed in the first 4GB address space. The Java Heap base address is the
#     maximum limit for the native heap growth. Please use -XX:HeapBaseMinAddress
#     to set the Java Heap base and to place the Java Heap above 4GB virtual address.
# This output file may be truncated or incomplete.
#
#  Out of Memory Error (os_windows.cpp:3710), pid=9004, tid=12244
#
# JRE version:  (17.0.15+6) (build )
# Java VM: OpenJDK 64-Bit Server VM (17.0.15+6-LTS, mixed mode, emulated-client, sharing, tiered, compressed oops, compressed class ptrs, g1 gc, windows-amd64)
# No core dump will be written. Minidumps are not enabled by default on client versions of Windows
#

---------------  S U M M A R Y ------------

Command Line: -Xmx512m -Xms256m -XX:TieredStopAtLevel=1 -Dspring.output.ansi.enabled=always -Dcom.sun.management.jmxremote -Dspring.jmx.enabled=true -Dspring.liveBeansView.mbeanDomain -Dspring.application.admin.enabled=true -Dmanagement.endpoints.jmx.exposure.include=* -javaagent:C:\Program Files\JetBrains\IntelliJ IDEA 2025.1.3\lib\idea_rt.jar=60096 -Dfile.encoding=UTF-8 fr.eni.tp.filmotheque.FilmothequeApplication

Host: Intel(R) Pentium(R) CPU 4415U @ 2.30GHz, 4 cores, 3G,  Windows 10 , 64 bit Build 19041 (10.0.19041.5915)
Time: Mon Jul 28 11:53:59 2025 Paris, Madrid (heure duild 19041 (10.0.19041.5915) elapsed time: 0.492666 seconds (0d 0h 0m 0s)

---------------  T H R E A D  ---------------

Current thread (0x000001d7c257e510):  JavaThread "Unknown thread" [_thread_in_vm, id=12244, stack(0x0000005dc7600000,0x0000005dc7700000)]

Stack: [0x0000005dc7600000,0x0000005dc7700000]
Native frames: (J=compiled Java code, j=interpreted, Vv=VM code, C=native code)
V  [jvm.dll+0x6887a9]
V  [jvm.dll+0x83f5a8]
V  [jvm.dll+0x841053]
V  [jvm.dll+0x8416c3]
V  [jvm.dll+0x2496ef]
V  [jvm.dll+0x6856e9]
V  [jvm.dll+0x679b7a]
V  [jvm.dll+0x30b0d7]
V  [jvm.dll+0x312646]
V  [jvm.dll+0x36300e]
V  [jvm.dll+0x36324d]
V  [jvm.dll+0x2e236c]
V  [jvm.dll+0x2e3284]
V  [jvm.dll+0x8114db]
V  [jvm.dll+0x370d21]
V  [jvm.dll+0x7f011f]
V  [jvm.dll+0x3f781e]
V  [jvm.dll+0x3f9351]
C  [jli.dll+0x52a0]
C  [ucrtbase.dll+0x21bb2]
C  [KERNEL32.DLL+0x17374]
C  [ntdll.dll+0x4cc91]


---------------  P R O C E S S  ---------------

Threads class SMR info:
_java_thread_list=0x00007ff9ae87efd8, length=0, elements={
}

Java Threads: ( => current thread )

Other Threads:
  0x000001d7c25a98e0 GCTaskThread "GC Thread#0" [stack: 0x0000005dc7700000,0x0000005dc7800000] [id=17252]
  0x000001d7c25aeee0 ConcurrentGCThread "G1 Main Marker" [stack: 0x0000005dc7800000,0x0000005dc7900000] [id=24256]
  0x000001d7c25af810 ConcurrentGCThread "G1 Conc#0" [stack: 0x0000005dc7900000,0x0000005dc7a00000] [id=14804]

[error occurred during error reporting (printing all threads), id 0xc0000005, EXCEPTION_ACCESS_VIOLATION (0xc0000005) at pc=0x00007ff9ae032ec7]

VM state: not at safepoint (not fully initialized)

VM Mutex/Monitor currently owned by a thread:  ([mutex/lock_event])
[0x000001d7c2579740] Heap_lock - owner thread: 0x000001d7c257e510

Heap address: 0x00000000e0000000, size: 512 MB, Compressed Oops mode: 32-bit

CDS archive(s) mapped at: [0x0000000000000000-0x0000000000000000-0x0000000000000000), size 0, SharedBaseAddress: 0x0000000800000000, ArchiveRelocationMode: 1.
Narrow klass base: 0x0000000000000000, Narrow klass shift: 0, Narrow klass range: 0x0

GC Precious Log:
<Empty>

Heap:
 garbage-first heap   total 0K, used 0K [0x00000000e0000000, 0x0000000100000000)
  region size 1024K, 0 young (0K), 0 survivors (0K)

[error occurred during error reporting (printing heap information), id 0xc0000005, EXCEPTION_ACCESS_VIOLATION (0xc0000005) at pc=0x00007ff9ae422339]

GC Heap History (0 events):
No events

Dll operation events (1 events):
Event: 0.348 Loaded shared library C:\Users\alexa\.jdks\ms-17.0.15\bin\java.dll

Deoptimization events (0 events):
No events

Classes loaded (0 events):
No events

Classes unloaded (0 events):
No events

Classes redefined (0 events):
No events

Internal exceptions (0 events):
No events

VM Operations (0 events):
No events

Memory protections (0 events):
No events

Nmethod flushes (0 events):
No events

Events (0 events):
No events


Dynamic libraries:
0x00007ff7be240000 - 0x00007ff7be24e000 	C:\Users\alexa\.jdks\ms-17.0.15\bin\java.exe
0x00007ffa2ec90000 - 0x00007ffa2ee88000 	C:\WINDOWS\SYSTEM32\ntdll.dll
0x00007ffa2e7c0000 - 0x00007ffa2e882000 	C:\WINDOWS\System32\KERNEL32.DLL
0x00007ffa2c710000 - 0x00007ffa2ca06000 	C:\WINDOWS\System32\KERNELBASE.dll
0x00007ffa2c610000 - 0x00007ffa2c710000 	C:\WINDOWS\System32\ucrtbase.dll
0x00007ffa0ae30000 - 0x00007ffa0ae47000 	C:\Users\alexa\.jdks\ms-17.0.15\bin\jli.dll
0x00007ffa04bc0000 - 0x00007ffa04bdd000 	C:\Users\alexa\.jdks\ms-17.0.15\bin\VCRUNTIME140.dll
0x00007ffa2e360000 - 0x00007ffa2e4fd000 	C:\WINDOWS\System32\USER32.dll
0x00007ffa2ca10000 - 0x00007ffa2ca32000 	C:\WINDOWS\System32\win32u.dll
0x00007ffa2d410000 - 0x00007ffa2d43b000 	C:\WINDOWS\System32\GDI32.dll
0x00007ffa2cae0000 - 0x00007ffa2cbf9000 	C:\WINDOWS\System32\gdi32full.dll
0x00007ffa2ca40000 - 0x00007ffa2cadd000 	C:\WINDOWS\System32\msvcp_win.dll
0x00007ffa17fe0000 - 0x00007ffa1827a000 	C:\WINDOWS\WinSxS\amd64_microsoft.windows.common-controls_6595b64144ccf1df_6.0.19041.5915_none_60b4b9d171f9c7c7\COMCTL32.dll
0x00007ffa2e720000 - 0x00007ffa2e7be000 	C:\WINDOWS\System32\msvcrt.dll
0x00007ffa2e890000 - 0x00007ffa2e8bf000 	C:\WINDOWS\System32\IMM32.DLL
0x00007ffa0ad50000 - 0x00007ffa0ad5c000 	C:\Users\alexa\.jdks\ms-17.0.15\bin\vcruntime140_1.dll
0x00007ff9f51d0000 - 0x00007ff9f525d000 	C:\Users\alexa\.jdks\ms-17.0.15\bin\msvcp140.dll
0x00007ff9add40000 - 0x00007ff9ae9b2000 	C:\Users\alexa\.jdks\ms-17.0.15\bin\server\jvm.dll
0x00007ffa2cdd0000 - 0x00007ffa2ce81000 	C:\WINDOWS\System32\ADVAPI32.dll
0x00007ffa2d8d0000 - 0x00007ffa2d96f000 	C:\WINDOWS\System32\sechost.dll
0x00007ffa2d7a0000 - 0x00007ffa2d8c3000 	C:\WINDOWS\System32\RPCRT4.dll
0x00007ffa2cc80000 - 0x00007ffa2cca7000 	C:\WINDOWS\System32\bcrypt.dll
0x00007ffa2e9b0000 - 0x00007ffa2ea1b000 	C:\WINDOWS\System32\WS2_32.dll
0x00007ffa2b830000 - 0x00007ffa2b87b000 	C:\WINDOWS\SYSTEM32\POWRPROF.dll
0x00007ffa15790000 - 0x00007ffa157b7000 	C:\WINDOWS\SYSTEM32\WINMM.dll
0x00007ffa24c30000 - 0x00007ffa24c3a000 	C:\WINDOWS\SYSTEM32\VERSION.dll
0x00007ffa2b6f0000 - 0x00007ffa2b702000 	C:\WINDOWS\SYSTEM32\UMPDC.dll
0x00007ffa2ab00000 - 0x00007ffa2ab12000 	C:\WINDOWS\SYSTEM32\kernel.appcore.dll
0x00007ffa04bb0000 - 0x00007ffa04bba000 	C:\Users\alexa\.jdks\ms-17.0.15\bin\jimage.dll
0x00007ffa2a7f0000 - 0x00007ffa2a9f1000 	C:\WINDOWS\SYSTEM32\DBGHELP.DLL
0x00007ffa039d0000 - 0x00007ffa03a04000 	C:\WINDOWS\SYSTEM32\dbgcore.DLL
0x00007ffa2c480000 - 0x00007ffa2c502000 	C:\WINDOWS\System32\bcryptPrimitives.dll
0x00007ffa037d0000 - 0x00007ffa037de000 	C:\Users\alexa\.jdks\ms-17.0.15\bin\instrument.dll
0x00007ffa01380000 - 0x00007ffa013a5000 	C:\Users\alexa\.jdks\ms-17.0.15\bin\java.dll

dbghelp: loaded successfully - version: 4.0.5 - missing functions: none
symbol engine: initialized successfully - sym options: 0x614 - pdb path: .;C:\Users\alexa\.jdks\ms-17.0.15\bin;C:\WINDOWS\SYSTEM32;C:\WINDOWS\WinSxS\amd64_microsoft.windows.common-controls_6595b64144ccf1df_6.0.19041.5915_none_60b4b9d171f9c7c7;C:\Users\alexa\.jdks\ms-17.0.15\bin\server

VM Arguments:
jvm_args: -Xmx512m -Xms256m -XX:TieredStopAtLevel=1 -Dspring.output.ansi.enabled=always -Dcom.sun.management.jmxremote -Dspring.jmx.enabled=true -Dspring.liveBeansView.mbeanDomain -Dspring.application.admin.enabled=true -Dmanagement.endpoints.jmx.exposure.include=* -javaagent:C:\Program Files\JetBrains\IntelliJ IDEA 2025.1.3\lib\idea_rt.jar=60096 -Dfile.encoding=UTF-8 
java_command: fr.eni.tp.filmotheque.FilmothequeApplication
java_class_path (initial): C:\Users\alexa\WebstormProjects\filmotheque\build\classes\java\main;C:\Users\alexa\WebstormProjects\filmotheque\build\resources\main;C:\Users\alexa\.gradle\caches\modules-2\files-2.1\nz.net.ultraq.thymeleaf\thymeleaf-layout-dialect\3.2.1\526f2e950a4d67ea49198f9ea5b4ec303ed002c2\thymeleaf-layout-dialect-3.2.1.jar;C:\Users\alexa\.gradle\caches\modules-2\files-2.1\org.springframework.boot\spring-boot-starter-thymeleaf\3.1.2\177cb8b744ae3556d79e01121e3d1b34b29c0178\spring-boot-starter-thymeleaf-3.1.2.jar;C:\Users\alexa\.gradle\caches\modules-2\files-2.1\org.springframework.boot\spring-boot-starter-web\3.1.2\30b824817e764a5a5a1e9fb46e7ace40bcfa3185\spring-boot-starter-web-3.1.2.jar;C:\Users\alexa\.gradle\caches\modules-2\files-2.1\org.apache.groovy\groovy\4.0.13\30046b48d472bf22f4d361f377e2e343b9e4a402\groovy-4.0.13.jar;C:\Users\alexa\.gradle\caches\modules-2\files-2.1\org.springframework.boot\spring-boot-starter\3.1.2\c09a48df6fbc2b07b7aef1256b45260a3478b49f\spring-boot-starter-3.1.2.jar;C:\Users\alexa\.gradle\caches\modules-2\files-2.1\org.thymeleaf\thymeleaf-spring6\3.1.1.RELEASE\deb52ef921a4ac5132fedb7ebfc2bc1dad4382b3\thymeleaf-spring6-3.1.1.RELEASE.jar;C:\Users\alexa\.gradle\caches\modules-2\files-2.1\org.springframework.boot\spring-boot-starter-json\3.1.2\c48d521879dbbcebe1a99f47257612968e022f5b\spring-boot-starter-json-3.1.2.jar;C:\Users\alexa\.gradle\caches\modules-2\files-2.1\org.springframework.boot\spring-boot-starter-tomcat\3.1.2\2e7284f8ecf2989e1a6ffc7faf964eccb309bfd4\spring-boot-starter-tomcat-3.1.2.jar;C:\Users\alexa\.gradle\caches\modules-2\files-2.1\org.springframework\spring-webmvc\6.0.11\892b4a63b5d930c2c43058c6db0c2c65401fb078\spring-webmvc-6.0.11.jar;C:\Users\alexa\.gradle\caches\modules-2\files-2.1\org.springframework\spring-web\6.0.11\c32a7bf6b88b83bac6aa63866fcf208892640446\spring-web-6.0.11.jar;C:\Users\alexa\.gradle\caches\modules-2\files-2.1\org.springframework.boot\spring-boot-autoconfigure\3.1.2\ea294976f925441f
Launcher Type: SUN_STANDARD

[Global flags]
     intx CICompilerCount                          = 3                                         {product} {ergonomic}
     uint ConcGCThreads                            = 1                                         {product} {ergonomic}
     uint G1ConcRefinementThreads                  = 4                                         {product} {ergonomic}
   size_t G1HeapRegionSize                         = 1048576                                   {product} {ergonomic}
    uintx GCDrainStackTargetSize                   = 64                                        {product} {ergonomic}
   size_t InitialHeapSize                          = 268435456                                 {product} {command line}
     bool ManagementServer                         = true                                      {product} {command line}
   size_t MarkStackSize                            = 4194304                                   {product} {ergonomic}
   size_t MaxHeapSize                              = 536870912                                 {product} {command line}
   size_t MinHeapDeltaBytes                        = 1048576                                   {product} {ergonomic}
   size_t MinHeapSize                              = 268435456                                 {product} {command line}
    uintx NonProfiledCodeHeapSize                  = 0                                      {pd product} {ergonomic}
     bool ProfileInterpreter                       = false                                  {pd product} {command line}
    uintx ProfiledCodeHeapSize                     = 0                                      {pd product} {ergonomic}
   size_t SoftMaxHeapSize                          = 536870912                              {manageable} {ergonomic}
     intx TieredStopAtLevel                        = 1                                         {product} {command line}
     bool UseCompressedClassPointers               = true                           {product lp64_product} {ergonomic}
     bool UseCompressedOops                        = true                           {product lp64_product} {ergonomic}
     bool UseG1GC                                  = true                                      {product} {ergonomic}
     bool UseLargePagesIndividualAllocation        = false                                  {pd product} {ergonomic}

Logging:
Log output configuration:
 #0: stdout all=warning uptime,level,tags
 #1: stderr all=off uptime,level,tags

Environment Variables:
JAVA_HOME=C:\Program Files\Java\jdk-23
PATH=C:\Program Files\Common Files\Oracle\Java\javapath;C:\Program Files (x86)\Intel\Intel(R) Management Engine Components\iCLS\;C:\Program Files\Intel\Intel(R) Management Engine Components\iCLS\;C:\WINDOWS\system32;C:\WINDOWS;C:\WINDOWS\System32\Wbem;C:\WINDOWS\System32\WindowsPowerShell\v1.0\;C:\Program Files (x86)\Intel\Intel(R) Management Engine Components\DAL;C:\Program Files\Intel\Intel(R) Management Engine Components\DAL;C:\Program Files (x86)\Intel\Intel(R) Management Engine Components\IPT;C:\Program Files\Intel\Intel(R) Management Engine Components\IPT;C:\WINDOWS\System32\OpenSSH\;C:\Program Files (x86)\Pulse Secure\VC142.CRT\X64\;C:\Program Files (x86)\Pulse Secure\VC142.CRT\X86\;C:\Program Files\Microsoft SQL Server\Client SDK\ODBC\170\Tools\Binn\;C:\Program Files (x86)\Microsoft SQL Server\150\Tools\Binn\;C:\Program Files\Microsoft SQL Server\150\Tools\Binn\;C:\Program Files\Microsoft SQL Server\150\DTS\Binn\;C:\Program Files\Docker\Docker\resources\bin;C:\composer;C:\wamp64\bin\php\php8.3.14;C:\Program Files\Git\cmd;C:\Program Files\nodejs\;C:\ProgramData\chocolatey\bin;C:\Users\alexa\AppData\Roaming\npm;C:\Users\alexa\scoop\shims;C:\Users\PK\AppData\Roaming\npm\node_modules\@angular\cli\bin;C:\Users\alexa\AppData\Local\Microsoft\WindowsApps;C:\Users\alexa\AppData\Roaming\Composer\vendor\bin;C:\Program Files\Azure Data Studio\bin;C:\Program Files\nodejs;C:\Program Files\Java\jdk-23\bin;C:\Program Files\JetBrains\IntelliJ IDEA 2025.1.3\bin;;C:\Program Files\JetBrains\PhpStorm 2025.1.0.1\bin;;C:\Program Files\JetBrains\WebStorm 2023.2.5\bin;;C:\Users\alexa\AppData\Local\Microsoft\WinGet\Packages\Schniz.fnm_Microsoft.Winget.Source_8wekyb3d8bbwe;C:\Users\alexa\composer;
USERNAME=alexa
OS=Windows_NT
PROCESSOR_IDENTIFIER=Intel64 Family 6 Model 142 Stepping 9, GenuineIntel
TMP=C:\Users\alexa\AppData\Local\Temp
TEMP=C:\Users\alexa\AppData\Local\Temp



Periodic native trim disabled


---------------  S Y S T E M  ---------------

OS:
 Windows 10 , 64 bit Build 19041 (10.0.19041.5915)
OS uptime: 12 days 0:36 hours
Hyper-V role detected

CPU: total 4 (initial active 4) (2 cores per cpu, 2 threads per core) family 6 model 142 stepping 9 microcode 0xb4, cx8, cmov, fxsr, ht, mmx, 3dnowpref, sse, sse2, sse3, ssse3, sse4.1, sse4.2, popcnt, lzcnt, tsc, tscinvbit, aes, erms, clmul, clflush, clflushopt, hv
Processor Information for the first 4 processors :
  Max Mhz: 2301, Current Mhz: 2301, Mhz Limit: 2301

Memory: 4k page, system-wide physical 4005M (191M free)
TotalPageFile size 16293M (AvailPageFile size 67M)
current process WorkingSet (physical memory assigned to process): 10M, peak: 10M
current process commit charge ("private bytes"): 46M, peak: 302M

vm_info: OpenJDK 64-Bit Server VM (17.0.15+6-LTS) for windows-amd64 JRE (17.0.15+6-LTS), built on Apr  9 2025 22:27:25 by "MicrosoftCorporation" with unknown MS VC++:1939

END.
